<?xml version="1.0" encoding="UTF-8"?>
<!-- Generated by org.testng.reporters.JUnitReportReporter -->
<testsuite skipped="0" hostname="DESKTOP-9FQ5FG2" name="com.qa.HubSpot.PageTest.LoginPageTest" tests="4" failures="0" timestamp="11 Jul 2020 20:05:45 GMT" time="9.280" errors="0">
  <testcase name="isDisplayedForgetPasswordTest" time="7.427" classname="com.qa.HubSpot.PageTest.LoginPageTest"/>
  <testcase name="TitleTest" time="0.009" classname="com.qa.HubSpot.PageTest.LoginPageTest"/>
  <testcase name="HubSoptLogoTest" time="0.048" classname="com.qa.HubSpot.PageTest.LoginPageTest"/>
  <testcase name="LoginTest" time="1.796" classname="com.qa.HubSpot.PageTest.LoginPageTest"/>
</testsuite> <!-- com.qa.HubSpot.PageTest.LoginPageTest -->
