<?xml version="1.0" encoding="UTF-8"?>
<!-- Generated by org.testng.reporters.JUnitReportReporter -->
<testsuite skipped="0" hostname="DESKTOP-9FQ5FG2" name="com.qa.HubSpot.PageTest.ConversationPageTest" tests="5" failures="0" timestamp="16 Jul 2020 19:04:16 GMT" time="165.195" errors="0">
  <testcase name="getInboxTextTest" time="33.405" classname="com.qa.HubSpot.PageTest.ConversationPageTest"/>
  <testcase name="getTitleText" time="29.086" classname="com.qa.HubSpot.PageTest.ConversationPageTest"/>
  <testcase name="clickOnEmailLinkText" time="41.322" classname="com.qa.HubSpot.PageTest.ConversationPageTest"/>
  <testcase name="clickOnChatLinkText" time="35.783" classname="com.qa.HubSpot.PageTest.ConversationPageTest"/>
  <testcase name="clickOnFormLinkText" time="25.599" classname="com.qa.HubSpot.PageTest.ConversationPageTest"/>
</testsuite> <!-- com.qa.HubSpot.PageTest.ConversationPageTest -->
